

Microchip MPLAB XC8 Assembler V2.41 build 20230208172133 
                                                                                               Wed Jul 19 01:04:12 2023

Microchip MPLAB XC8 C Compiler v2.41 (Free license) build 20230208172133 Og1 
     1                           	processor	16F887
     2                           	pagewidth 120
     3                           	opt	flic
     4                           	psect	cinit,global,class=CODE,merge=1,delta=2
     5                           	psect	cstackCOMMON,global,class=COMMON,space=1,delta=1,noexec
     6                           	psect	cstackBANK0,global,class=BANK0,space=1,delta=1,noexec
     7                           	psect	maintext,global,class=CODE,split=1,delta=2
     8                           	psect	text1,local,class=CODE,merge=1,delta=2
     9                           	psect	text2,local,class=CODE,merge=1,delta=2
    10                           	psect	text3,local,class=CODE,merge=1,delta=2
    11                           	psect	text4,local,class=CODE,merge=1,delta=2
    12                           	psect	text5,local,class=CODE,merge=1,delta=2
    13                           	psect	text6,local,class=CODE,merge=1,delta=2
    14                           	psect	intentry,global,class=CODE,delta=2
    15                           	psect	text7,local,class=CODE,merge=1,delta=2
    16                           	psect	text8,local,class=CODE,merge=1,delta=2
    17                           	psect	config,global,abs,ovrld,class=CONFIG,space=4,delta=2,noexec
    18                           	dabs	1,0x7E,2
    19     0000                     
    20                           ; Generated 22/03/2023 GMT
    21                           ; 
    22                           ; Copyright © 2023, Microchip Technology Inc. and its subsidiaries ("Microchip")
    23                           ; All rights reserved.
    24                           ; 
    25                           ; This software is developed by Microchip Technology Inc. and its subsidiaries ("Microch
      +                          ip").
    26                           ; 
    27                           ; Redistribution and use in source and binary forms, with or without modification, are
    28                           ; permitted provided that the following conditions are met:
    29                           ; 
    30                           ;     1. Redistributions of source code must retain the above copyright notice, this lis
      +                          t of
    31                           ;        conditions and the following disclaimer.
    32                           ; 
    33                           ;     2. Redistributions in binary form must reproduce the above copyright notice, this 
      +                          list
    34                           ;        of conditions and the following disclaimer in the documentation and/or other
    35                           ;        materials provided with the distribution. Publication is not required when
    36                           ;        this file is used in an embedded application.
    37                           ; 
    38                           ;     3. Microchip's name may not be used to endorse or promote products derived from th
      +                          is
    39                           ;        software without specific prior written permission.
    40                           ; 
    41                           ; THIS SOFTWARE IS PROVIDED BY MICROCHIP "AS IS" AND ANY EXPRESS OR IMPLIED WARRANTIES,
    42                           ; INCLUDING, BUT NOT LIMITED TO, THE IMPLIED WARRANTIES OF MERCHANTABILITY AND FITNESS F
      +                          OR
    43                           ; PURPOSE ARE DISCLAIMED.  IN NO EVENT SHALL MICROCHIP BE LIABLE FOR ANY DIRECT, INDIREC
      +                          T,
    44                           ; INCIDENTAL, SPECIAL, EXEMPLARY, OR CONSEQUENTIAL DAMAGES (INCLUDING BUT NOT LIMITED TO
    45                           ; PROCUREMENT OF SUBSTITUTE GOODS OR SERVICES; LOSS OF USE, DATA OR PROFITS; OR BUSINESS
    46                           ; INTERRUPTION) HOWSOEVER CAUSED AND ON ANY THEORY OF LIABILITY, WHETHER IN CONTRACT, ST
      +                          RICT
    47                           ; LIABILITY, OR TORT (INCLUDING NEGLIGENCE OR OTHERWISE) ARISING IN ANY WAY OUT OF THE U
      +                          SE OF
    48                           ; THIS SOFTWARE, EVEN IF ADVISED OF THE POSSIBILITY OF SUCH DAMAGE.
    49                           ; 
    50                           ; 
    51                           ; Code-generator required, PIC16F887 Definitions
    52                           ; 
    53                           ; SFR Addresses
    54     0000                     	;# 
    55     0001                     	;# 
    56     0002                     	;# 
    57     0003                     	;# 
    58     0004                     	;# 
    59     0005                     	;# 
    60     0006                     	;# 
    61     0007                     	;# 
    62     0008                     	;# 
    63     0009                     	;# 
    64     000A                     	;# 
    65     000B                     	;# 
    66     000C                     	;# 
    67     000D                     	;# 
    68     000E                     	;# 
    69     000E                     	;# 
    70     000F                     	;# 
    71     0010                     	;# 
    72     0011                     	;# 
    73     0012                     	;# 
    74     0013                     	;# 
    75     0014                     	;# 
    76     0015                     	;# 
    77     0015                     	;# 
    78     0016                     	;# 
    79     0017                     	;# 
    80     0018                     	;# 
    81     0019                     	;# 
    82     001A                     	;# 
    83     001B                     	;# 
    84     001B                     	;# 
    85     001C                     	;# 
    86     001D                     	;# 
    87     001E                     	;# 
    88     001F                     	;# 
    89     0081                     	;# 
    90     0085                     	;# 
    91     0086                     	;# 
    92     0087                     	;# 
    93     0088                     	;# 
    94     0089                     	;# 
    95     008C                     	;# 
    96     008D                     	;# 
    97     008E                     	;# 
    98     008F                     	;# 
    99     0090                     	;# 
   100     0091                     	;# 
   101     0092                     	;# 
   102     0093                     	;# 
   103     0093                     	;# 
   104     0093                     	;# 
   105     0094                     	;# 
   106     0095                     	;# 
   107     0096                     	;# 
   108     0097                     	;# 
   109     0098                     	;# 
   110     0099                     	;# 
   111     009A                     	;# 
   112     009B                     	;# 
   113     009C                     	;# 
   114     009D                     	;# 
   115     009E                     	;# 
   116     009F                     	;# 
   117     0105                     	;# 
   118     0107                     	;# 
   119     0108                     	;# 
   120     0109                     	;# 
   121     010C                     	;# 
   122     010C                     	;# 
   123     010D                     	;# 
   124     010E                     	;# 
   125     010F                     	;# 
   126     0185                     	;# 
   127     0187                     	;# 
   128     0188                     	;# 
   129     0189                     	;# 
   130     018C                     	;# 
   131     018D                     	;# 
   132     0000                     	;# 
   133     0001                     	;# 
   134     0002                     	;# 
   135     0003                     	;# 
   136     0004                     	;# 
   137     0005                     	;# 
   138     0006                     	;# 
   139     0007                     	;# 
   140     0008                     	;# 
   141     0009                     	;# 
   142     000A                     	;# 
   143     000B                     	;# 
   144     000C                     	;# 
   145     000D                     	;# 
   146     000E                     	;# 
   147     000E                     	;# 
   148     000F                     	;# 
   149     0010                     	;# 
   150     0011                     	;# 
   151     0012                     	;# 
   152     0013                     	;# 
   153     0014                     	;# 
   154     0015                     	;# 
   155     0015                     	;# 
   156     0016                     	;# 
   157     0017                     	;# 
   158     0018                     	;# 
   159     0019                     	;# 
   160     001A                     	;# 
   161     001B                     	;# 
   162     001B                     	;# 
   163     001C                     	;# 
   164     001D                     	;# 
   165     001E                     	;# 
   166     001F                     	;# 
   167     0081                     	;# 
   168     0085                     	;# 
   169     0086                     	;# 
   170     0087                     	;# 
   171     0088                     	;# 
   172     0089                     	;# 
   173     008C                     	;# 
   174     008D                     	;# 
   175     008E                     	;# 
   176     008F                     	;# 
   177     0090                     	;# 
   178     0091                     	;# 
   179     0092                     	;# 
   180     0093                     	;# 
   181     0093                     	;# 
   182     0093                     	;# 
   183     0094                     	;# 
   184     0095                     	;# 
   185     0096                     	;# 
   186     0097                     	;# 
   187     0098                     	;# 
   188     0099                     	;# 
   189     009A                     	;# 
   190     009B                     	;# 
   191     009C                     	;# 
   192     009D                     	;# 
   193     009E                     	;# 
   194     009F                     	;# 
   195     0105                     	;# 
   196     0107                     	;# 
   197     0108                     	;# 
   198     0109                     	;# 
   199     010C                     	;# 
   200     010C                     	;# 
   201     010D                     	;# 
   202     010E                     	;# 
   203     010F                     	;# 
   204     0185                     	;# 
   205     0187                     	;# 
   206     0188                     	;# 
   207     0189                     	;# 
   208     018C                     	;# 
   209     018D                     	;# 
   210     0000                     	;# 
   211     0001                     	;# 
   212     0002                     	;# 
   213     0003                     	;# 
   214     0004                     	;# 
   215     0005                     	;# 
   216     0006                     	;# 
   217     0007                     	;# 
   218     0008                     	;# 
   219     0009                     	;# 
   220     000A                     	;# 
   221     000B                     	;# 
   222     000C                     	;# 
   223     000D                     	;# 
   224     000E                     	;# 
   225     000E                     	;# 
   226     000F                     	;# 
   227     0010                     	;# 
   228     0011                     	;# 
   229     0012                     	;# 
   230     0013                     	;# 
   231     0014                     	;# 
   232     0015                     	;# 
   233     0015                     	;# 
   234     0016                     	;# 
   235     0017                     	;# 
   236     0018                     	;# 
   237     0019                     	;# 
   238     001A                     	;# 
   239     001B                     	;# 
   240     001B                     	;# 
   241     001C                     	;# 
   242     001D                     	;# 
   243     001E                     	;# 
   244     001F                     	;# 
   245     0081                     	;# 
   246     0085                     	;# 
   247     0086                     	;# 
   248     0087                     	;# 
   249     0088                     	;# 
   250     0089                     	;# 
   251     008C                     	;# 
   252     008D                     	;# 
   253     008E                     	;# 
   254     008F                     	;# 
   255     0090                     	;# 
   256     0091                     	;# 
   257     0092                     	;# 
   258     0093                     	;# 
   259     0093                     	;# 
   260     0093                     	;# 
   261     0094                     	;# 
   262     0095                     	;# 
   263     0096                     	;# 
   264     0097                     	;# 
   265     0098                     	;# 
   266     0099                     	;# 
   267     009A                     	;# 
   268     009B                     	;# 
   269     009C                     	;# 
   270     009D                     	;# 
   271     009E                     	;# 
   272     009F                     	;# 
   273     0105                     	;# 
   274     0107                     	;# 
   275     0108                     	;# 
   276     0109                     	;# 
   277     010C                     	;# 
   278     010C                     	;# 
   279     010D                     	;# 
   280     010E                     	;# 
   281     010F                     	;# 
   282     0185                     	;# 
   283     0187                     	;# 
   284     0188                     	;# 
   285     0189                     	;# 
   286     018C                     	;# 
   287     018D                     	;# 
   288     0000                     	;# 
   289     0001                     	;# 
   290     0002                     	;# 
   291     0003                     	;# 
   292     0004                     	;# 
   293     0005                     	;# 
   294     0006                     	;# 
   295     0007                     	;# 
   296     0008                     	;# 
   297     0009                     	;# 
   298     000A                     	;# 
   299     000B                     	;# 
   300     000C                     	;# 
   301     000D                     	;# 
   302     000E                     	;# 
   303     000E                     	;# 
   304     000F                     	;# 
   305     0010                     	;# 
   306     0011                     	;# 
   307     0012                     	;# 
   308     0013                     	;# 
   309     0014                     	;# 
   310     0015                     	;# 
   311     0015                     	;# 
   312     0016                     	;# 
   313     0017                     	;# 
   314     0018                     	;# 
   315     0019                     	;# 
   316     001A                     	;# 
   317     001B                     	;# 
   318     001B                     	;# 
   319     001C                     	;# 
   320     001D                     	;# 
   321     001E                     	;# 
   322     001F                     	;# 
   323     0081                     	;# 
   324     0085                     	;# 
   325     0086                     	;# 
   326     0087                     	;# 
   327     0088                     	;# 
   328     0089                     	;# 
   329     008C                     	;# 
   330     008D                     	;# 
   331     008E                     	;# 
   332     008F                     	;# 
   333     0090                     	;# 
   334     0091                     	;# 
   335     0092                     	;# 
   336     0093                     	;# 
   337     0093                     	;# 
   338     0093                     	;# 
   339     0094                     	;# 
   340     0095                     	;# 
   341     0096                     	;# 
   342     0097                     	;# 
   343     0098                     	;# 
   344     0099                     	;# 
   345     009A                     	;# 
   346     009B                     	;# 
   347     009C                     	;# 
   348     009D                     	;# 
   349     009E                     	;# 
   350     009F                     	;# 
   351     0105                     	;# 
   352     0107                     	;# 
   353     0108                     	;# 
   354     0109                     	;# 
   355     010C                     	;# 
   356     010C                     	;# 
   357     010D                     	;# 
   358     010E                     	;# 
   359     010F                     	;# 
   360     0185                     	;# 
   361     0187                     	;# 
   362     0188                     	;# 
   363     0189                     	;# 
   364     018C                     	;# 
   365     018D                     	;# 
   366     001E                     _ADRESH	set	30
   367     001F                     _ADCON0bits	set	31
   368     0008                     _PORTD	set	8
   369     0007                     _PORTC	set	7
   370     0005                     _PORTA	set	5
   371     00F8                     _ADON	set	248
   372     005F                     _GIE	set	95
   373     005B                     _RBIE	set	91
   374     0033                     _RB3	set	51
   375     0032                     _RB2	set	50
   376     0031                     _RB1	set	49
   377     0030                     _RB0	set	48
   378     0058                     _RBIF	set	88
   379     009E                     _ADRESL	set	158
   380     0096                     _IOCB	set	150
   381     0095                     _WPUB	set	149
   382     0086                     _TRISB	set	134
   383     008F                     _OSCCONbits	set	143
   384     0088                     _TRISD	set	136
   385     0087                     _TRISC	set	135
   386     0085                     _TRISA	set	133
   387     04FD                     _VCFG1	set	1277
   388     04FC                     _VCFG0	set	1276
   389     04FF                     _ADFM	set	1279
   390     040F                     _nRBPU	set	1039
   391     0478                     _SCS	set	1144
   392     0189                     _ANSELH	set	393
   393     0188                     _ANSEL	set	392
   394                           
   395                           	psect	cinit
   396     0011                     start_initialization:	
   397                           ; #config settings
   398                           
   399     0011                     __initialization:
   400     0011                     end_of_initialization:	
   401                           ;End of C runtime variable initialization code
   402                           
   403     0011                     __end_of__initialization:
   404     0011  0183               	clrf	3
   405     0012  120A  118A  28BD   	ljmp	_main	;jump to C main() function
   406                           
   407                           	psect	cstackCOMMON
   408     0070                     __pcstackCOMMON:
   409     0070                     ?_ioc_portB:
   410     0070                     ?_adc_sel_channel:	
   411                           ; 1 bytes @ 0x0
   412                           
   413     0070                     ??_adc_sel_channel:	
   414                           ; 1 bytes @ 0x0
   415                           
   416     0070                     ?_setup:	
   417                           ; 1 bytes @ 0x0
   418                           
   419     0070                     ?_adc_get_channel:	
   420                           ; 1 bytes @ 0x0
   421                           
   422     0070                     ?_iocb_init:	
   423                           ; 1 bytes @ 0x0
   424                           
   425     0070                     ?_isr:	
   426                           ; 1 bytes @ 0x0
   427                           
   428     0070                     ?_main:	
   429                           ; 1 bytes @ 0x0
   430                           
   431                           
   432                           ; 2 bytes @ 0x0
   433     0070                     	ds	1
   434     0071                     adc_sel_channel@channel:
   435                           
   436                           ; 1 bytes @ 0x1
   437     0071                     	ds	1
   438     0072                     ??_ioc_portB:
   439     0072                     ??_isr:	
   440                           ; 1 bytes @ 0x2
   441                           
   442                           
   443                           ; 1 bytes @ 0x2
   444     0072                     	ds	3
   445     0075                     ??_adc_get_channel:
   446     0075                     ??_iocb_init:	
   447                           ; 1 bytes @ 0x5
   448                           
   449     0075                     ?_adc_init:	
   450                           ; 1 bytes @ 0x5
   451                           
   452     0075                     ?_adc_read:	
   453                           ; 1 bytes @ 0x5
   454                           
   455     0075                     iocb_init@pinesB:	
   456                           ; 2 bytes @ 0x5
   457                           
   458     0075                     adc_init@R:	
   459                           ; 1 bytes @ 0x5
   460                           
   461                           
   462                           ; 1 bytes @ 0x5
   463     0075                     	ds	1
   464     0076                     adc_init@clock:
   465                           
   466                           ; 1 bytes @ 0x6
   467     0076                     	ds	1
   468     0077                     ??_adc_read:
   469     0077                     adc_init@channel:	
   470                           ; 1 bytes @ 0x7
   471                           
   472                           
   473                           ; 1 bytes @ 0x7
   474     0077                     	ds	1
   475     0078                     adc_init@J:
   476                           
   477                           ; 1 bytes @ 0x8
   478     0078                     	ds	1
   479     0079                     ??_setup:
   480                           
   481                           	psect	cstackBANK0
   482     0020                     __pcstackBANK0:	
   483                           ; 1 bytes @ 0x9
   484                           
   485     0020                     ??_adc_init:
   486                           
   487                           ; 1 bytes @ 0x0
   488     0020                     	ds	2
   489     0022                     ??_main:
   490                           
   491                           ; 1 bytes @ 0x2
   492     0022                     	ds	1
   493                           
   494                           	psect	maintext
   495     00BD                     __pmaintext:	
   496 ;;
   497 ;;Main: autosize = 0, tempsize = 1, incstack = 0, save=0
   498 ;;
   499 ;; *************** function _main *****************
   500 ;; Defined at:
   501 ;;		line 65 in file "Lab1.c"
   502 ;; Parameters:    Size  Location     Type
   503 ;;		None
   504 ;; Auto vars:     Size  Location     Type
   505 ;;		None
   506 ;; Return value:  Size  Location     Type
   507 ;;                  2   63[None  ] int 
   508 ;; Registers used:
   509 ;;		wreg, fsr0l, fsr0h, status,2, status,0, btemp+1, pclath, cstack
   510 ;; Tracked objects:
   511 ;;		On entry : B00/0
   512 ;;		On exit  : 0/0
   513 ;;		Unchanged: 0/0
   514 ;; Data sizes:     COMMON   BANK0   BANK1   BANK3   BANK2
   515 ;;      Params:         0       0       0       0       0
   516 ;;      Locals:         0       0       0       0       0
   517 ;;      Temps:          0       1       0       0       0
   518 ;;      Totals:         0       1       0       0       0
   519 ;;Total ram usage:        1 bytes
   520 ;; Hardware stack levels required when called: 5
   521 ;; This function calls:
   522 ;;		_adc_get_channel
   523 ;;		_adc_read
   524 ;;		_setup
   525 ;; This function is called by:
   526 ;;		Startup code after reset
   527 ;; This function uses a non-reentrant model
   528 ;;
   529                           
   530     00BD                     _main:	
   531                           ;psect for function _main
   532                           
   533     00BD                     l880:	
   534                           ;incstack = 0
   535                           ; Regs used in _main: [wreg-fsr0h+status,2+status,0+btemp+1+pclath+cstack]
   536                           
   537     00BD  120A  118A  2068  120A  118A  	fcall	_setup
   538     00C2                     l882:
   539     00C2  120A  118A  2103  120A  118A  	fcall	_adc_read
   540     00C7  0876               	movf	?_adc_read+1,w
   541     00C8  1283               	bcf	3,5	;RP0=0, select bank0
   542     00C9  1303               	bcf	3,6	;RP1=0, select bank0
   543     00CA  0087               	movwf	7	;volatile
   544     00CB                     l884:
   545     00CB  300F               	movlw	15
   546     00CC  1283               	bcf	3,5	;RP0=0, select bank0
   547     00CD  1303               	bcf	3,6	;RP1=0, select bank0
   548     00CE  00A2               	movwf	??_main
   549     00CF                     u207:
   550     00CF  0BA2               	decfsz	??_main,f
   551     00D0  28CF               	goto	u207
   552     00D1                     l886:
   553     00D1  120A  118A  211E  120A  118A  	fcall	_adc_get_channel
   554     00D6  1283               	bcf	3,5	;RP0=0, select bank0
   555     00D7  1303               	bcf	3,6	;RP1=0, select bank0
   556     00D8  0088               	movwf	8	;volatile
   557     00D9  28C2               	goto	l882
   558     00DA  120A  118A  280E   	ljmp	start
   559     00DD                     __end_of_main:
   560                           
   561                           	psect	text1
   562     0068                     __ptext1:	
   563 ;; *************** function _setup *****************
   564 ;; Defined at:
   565 ;;		line 76 in file "Lab1.c"
   566 ;; Parameters:    Size  Location     Type
   567 ;;		None
   568 ;; Auto vars:     Size  Location     Type
   569 ;;		None
   570 ;; Return value:  Size  Location     Type
   571 ;;                  1    wreg      void 
   572 ;; Registers used:
   573 ;;		wreg, fsr0l, fsr0h, status,2, status,0, btemp+1, pclath, cstack
   574 ;; Tracked objects:
   575 ;;		On entry : 0/0
   576 ;;		On exit  : 0/0
   577 ;;		Unchanged: 0/0
   578 ;; Data sizes:     COMMON   BANK0   BANK1   BANK3   BANK2
   579 ;;      Params:         0       0       0       0       0
   580 ;;      Locals:         0       0       0       0       0
   581 ;;      Temps:          0       0       0       0       0
   582 ;;      Totals:         0       0       0       0       0
   583 ;;Total ram usage:        0 bytes
   584 ;; Hardware stack levels used: 1
   585 ;; Hardware stack levels required when called: 4
   586 ;; This function calls:
   587 ;;		_adc_init
   588 ;;		_iocb_init
   589 ;; This function is called by:
   590 ;;		_main
   591 ;; This function uses a non-reentrant model
   592 ;;
   593                           
   594     0068                     _setup:	
   595                           ;psect for function _setup
   596                           
   597     0068                     l850:	
   598                           ;incstack = 0
   599                           ; Regs used in _setup: [wreg-fsr0h+status,2+status,0+btemp+1+pclath+cstack]
   600                           
   601     0068  1683               	bsf	3,5	;RP0=1, select bank3
   602     0069  1703               	bsf	3,6	;RP1=1, select bank3
   603     006A  0188               	clrf	8	;volatile
   604     006B                     l852:
   605     006B  3028               	movlw	40
   606     006C  0089               	movwf	9	;volatile
   607     006D                     l854:
   608     006D  1683               	bsf	3,5	;RP0=1, select bank1
   609     006E  1303               	bcf	3,6	;RP1=0, select bank1
   610     006F  0185               	clrf	5	;volatile
   611     0070                     l856:
   612     0070  1283               	bcf	3,5	;RP0=0, select bank0
   613     0071  1303               	bcf	3,6	;RP1=0, select bank0
   614     0072  0185               	clrf	5	;volatile
   615     0073                     l858:
   616     0073  1683               	bsf	3,5	;RP0=1, select bank1
   617     0074  1303               	bcf	3,6	;RP1=0, select bank1
   618     0075  0187               	clrf	7	;volatile
   619     0076                     l860:
   620     0076  1283               	bcf	3,5	;RP0=0, select bank0
   621     0077  1303               	bcf	3,6	;RP1=0, select bank0
   622     0078  0187               	clrf	7	;volatile
   623     0079                     l862:
   624     0079  1683               	bsf	3,5	;RP0=1, select bank1
   625     007A  1303               	bcf	3,6	;RP1=0, select bank1
   626     007B  0188               	clrf	8	;volatile
   627     007C                     l864:
   628     007C  1283               	bcf	3,5	;RP0=0, select bank0
   629     007D  1303               	bcf	3,6	;RP1=0, select bank0
   630     007E  0188               	clrf	8	;volatile
   631     007F                     l866:
   632     007F  3070               	movlw	112
   633     0080  1683               	bsf	3,5	;RP0=1, select bank1
   634     0081  1303               	bcf	3,6	;RP1=0, select bank1
   635     0082  048F               	iorwf	15,f	;volatile
   636     0083                     l868:
   637     0083  140F               	bsf	15,0	;volatile
   638     0084                     l870:
   639     0084  300F               	movlw	15
   640     0085  120A  118A  20DD  120A  118A  	fcall	_iocb_init
   641     008A                     l872:
   642     008A  01F5               	clrf	adc_init@R
   643     008B  3008               	movlw	8
   644     008C  00F6               	movwf	adc_init@clock
   645     008D  300D               	movlw	13
   646     008E  00F7               	movwf	adc_init@channel
   647     008F  3000               	movlw	0
   648     0090  120A  118A  2015  120A  118A  	fcall	_adc_init
   649     0095                     l70:
   650     0095  0008               	return
   651     0096                     __end_of_setup:
   652                           
   653                           	psect	text2
   654     00DD                     __ptext2:	
   655 ;; *************** function _iocb_init *****************
   656 ;; Defined at:
   657 ;;		line 4 in file "iocb_init.c"
   658 ;; Parameters:    Size  Location     Type
   659 ;;  pinesB          1    wreg     unsigned char 
   660 ;; Auto vars:     Size  Location     Type
   661 ;;  pinesB          1    5[COMMON] unsigned char 
   662 ;; Return value:  Size  Location     Type
   663 ;;                  1    wreg      void 
   664 ;; Registers used:
   665 ;;		wreg, status,2, status,0, btemp+1
   666 ;; Tracked objects:
   667 ;;		On entry : 0/0
   668 ;;		On exit  : 0/0
   669 ;;		Unchanged: 0/0
   670 ;; Data sizes:     COMMON   BANK0   BANK1   BANK3   BANK2
   671 ;;      Params:         0       0       0       0       0
   672 ;;      Locals:         1       0       0       0       0
   673 ;;      Temps:          0       0       0       0       0
   674 ;;      Totals:         1       0       0       0       0
   675 ;;Total ram usage:        1 bytes
   676 ;; Hardware stack levels used: 1
   677 ;; Hardware stack levels required when called: 3
   678 ;; This function calls:
   679 ;;		Nothing
   680 ;; This function is called by:
   681 ;;		_setup
   682 ;; This function uses a non-reentrant model
   683 ;;
   684                           
   685     00DD                     _iocb_init:	
   686                           ;psect for function _iocb_init
   687                           
   688                           
   689                           ;incstack = 0
   690                           ; Regs used in _iocb_init: [wreg+status,2+status,0+btemp+1]
   691                           ;iocb_init@pinesB stored from wreg
   692     00DD  00F5               	movwf	iocb_init@pinesB
   693     00DE                     l714:
   694                           
   695                           ;iocb_init.c: 5:     TRISB |= pinesB;
   696     00DE  0875               	movf	iocb_init@pinesB,w	;volatile
   697     00DF  00FF               	movwf	btemp+1
   698     00E0  087F               	movf	btemp+1,w
   699     00E1  1683               	bsf	3,5	;RP0=1, select bank1
   700     00E2  1303               	bcf	3,6	;RP1=0, select bank1
   701     00E3  0486               	iorwf	6,f	;volatile
   702     00E4                     l716:
   703                           
   704                           ;iocb_init.c: 6:     nRBPU = 0;
   705     00E4  1381               	bcf	1,7	;volatile
   706                           
   707                           ;iocb_init.c: 7:     WPUB |= pinesB;
   708     00E5  0875               	movf	iocb_init@pinesB,w	;volatile
   709     00E6  00FF               	movwf	btemp+1
   710     00E7  087F               	movf	btemp+1,w
   711     00E8  0495               	iorwf	21,f	;volatile
   712     00E9                     l718:
   713                           
   714                           ;iocb_init.c: 8:     RBIE = 1;
   715     00E9  158B               	bsf	11,3	;volatile
   716                           
   717                           ;iocb_init.c: 9:     IOCB |= pinesB;
   718     00EA  0875               	movf	iocb_init@pinesB,w	;volatile
   719     00EB  00FF               	movwf	btemp+1
   720     00EC  087F               	movf	btemp+1,w
   721     00ED  0496               	iorwf	22,f	;volatile
   722     00EE                     l720:
   723                           
   724                           ;iocb_init.c: 10:     GIE = 1;
   725     00EE  178B               	bsf	11,7	;volatile
   726     00EF                     l85:
   727     00EF  0008               	return
   728     00F0                     __end_of_iocb_init:
   729                           
   730                           	psect	text3
   731     0015                     __ptext3:	
   732 ;; *************** function _adc_init *****************
   733 ;; Defined at:
   734 ;;		line 4 in file "ADC_lib.c"
   735 ;; Parameters:    Size  Location     Type
   736 ;;  J               1    wreg     unsigned char 
   737 ;;  R               1    5[COMMON] unsigned char 
   738 ;;  clock           1    6[COMMON] unsigned char 
   739 ;;  channel         1    7[COMMON] unsigned char 
   740 ;; Auto vars:     Size  Location     Type
   741 ;;  J               1    8[COMMON] unsigned char 
   742 ;; Return value:  Size  Location     Type
   743 ;;                  1    wreg      void 
   744 ;; Registers used:
   745 ;;		wreg, fsr0l, fsr0h, status,2, status,0
   746 ;; Tracked objects:
   747 ;;		On entry : 0/0
   748 ;;		On exit  : 0/0
   749 ;;		Unchanged: 0/0
   750 ;; Data sizes:     COMMON   BANK0   BANK1   BANK3   BANK2
   751 ;;      Params:         3       0       0       0       0
   752 ;;      Locals:         1       0       0       0       0
   753 ;;      Temps:          0       2       0       0       0
   754 ;;      Totals:         4       2       0       0       0
   755 ;;Total ram usage:        6 bytes
   756 ;; Hardware stack levels used: 1
   757 ;; Hardware stack levels required when called: 3
   758 ;; This function calls:
   759 ;;		Nothing
   760 ;; This function is called by:
   761 ;;		_setup
   762 ;; This function uses a non-reentrant model
   763 ;;
   764                           
   765     0015                     _adc_init:	
   766                           ;psect for function _adc_init
   767                           
   768                           
   769                           ;incstack = 0
   770                           ; Regs used in _adc_init: [wreg-fsr0h+status,2+status,0]
   771                           ;adc_init@J stored from wreg
   772     0015  00F8               	movwf	adc_init@J
   773     0016                     l828:
   774                           
   775                           ;ADC_lib.c: 13:     ADFM = J;
   776     0016  1878               	btfsc	adc_init@J,0
   777     0017  2819               	goto	u131
   778     0018  281D               	goto	u130
   779     0019                     u131:
   780     0019  1683               	bsf	3,5	;RP0=1, select bank1
   781     001A  1303               	bcf	3,6	;RP1=0, select bank1
   782     001B  179F               	bsf	31,7	;volatile
   783     001C  2820               	goto	u144
   784     001D                     u130:
   785     001D  1683               	bsf	3,5	;RP0=1, select bank1
   786     001E  1303               	bcf	3,6	;RP1=0, select bank1
   787     001F  139F               	bcf	31,7	;volatile
   788     0020                     u144:
   789                           
   790                           ;ADC_lib.c: 14:     VCFG0 = R;
   791     0020  1875               	btfsc	adc_init@R,0
   792     0021  2823               	goto	u151
   793     0022  2827               	goto	u150
   794     0023                     u151:
   795     0023  1683               	bsf	3,5	;RP0=1, select bank1
   796     0024  1303               	bcf	3,6	;RP1=0, select bank1
   797     0025  161F               	bsf	31,4	;volatile
   798     0026  282A               	goto	u164
   799     0027                     u150:
   800     0027  1683               	bsf	3,5	;RP0=1, select bank1
   801     0028  1303               	bcf	3,6	;RP1=0, select bank1
   802     0029  121F               	bcf	31,4	;volatile
   803     002A                     u164:
   804                           
   805                           ;ADC_lib.c: 15:     VCFG1 = R;
   806     002A  1875               	btfsc	adc_init@R,0
   807     002B  282D               	goto	u171
   808     002C  2831               	goto	u170
   809     002D                     u171:
   810     002D  1683               	bsf	3,5	;RP0=1, select bank1
   811     002E  1303               	bcf	3,6	;RP1=0, select bank1
   812     002F  169F               	bsf	31,5	;volatile
   813     0030  2834               	goto	u184
   814     0031                     u170:
   815     0031  1683               	bsf	3,5	;RP0=1, select bank1
   816     0032  1303               	bcf	3,6	;RP1=0, select bank1
   817     0033  129F               	bcf	31,5	;volatile
   818     0034                     u184:
   819                           
   820                           ;ADC_lib.c: 17:     switch(clock){
   821     0034  2845               	goto	l840
   822     0035                     l830:
   823                           
   824                           ;ADC_lib.c: 19:             ADCON0bits.ADCS = 0b00;
   825     0035  303F               	movlw	-193
   826     0036  059F               	andwf	31,f	;volatile
   827                           
   828                           ;ADC_lib.c: 21:             break;
   829     0037  285D               	goto	l842
   830     0038                     l832:
   831                           
   832                           ;ADC_lib.c: 23:             ADCON0bits.ADCS = 0b01;
   833     0038  081F               	movf	31,w	;volatile
   834     0039  393F               	andlw	-193
   835     003A  3840               	iorlw	64
   836     003B  009F               	movwf	31	;volatile
   837                           
   838                           ;ADC_lib.c: 25:             break;
   839     003C  285D               	goto	l842
   840     003D                     l834:
   841                           
   842                           ;ADC_lib.c: 27:             ADCON0bits.ADCS = 0b10;
   843     003D  081F               	movf	31,w	;volatile
   844     003E  393F               	andlw	-193
   845     003F  3880               	iorlw	128
   846     0040  009F               	movwf	31	;volatile
   847                           
   848                           ;ADC_lib.c: 29:             break;
   849     0041  285D               	goto	l842
   850     0042                     l836:
   851                           
   852                           ;ADC_lib.c: 31:             ADCON0bits.ADCS = 0b11;
   853     0042  30C0               	movlw	192
   854     0043  049F               	iorwf	31,f	;volatile
   855                           
   856                           ;ADC_lib.c: 33:             break;
   857     0044  285D               	goto	l842
   858     0045                     l840:
   859     0045  0876               	movf	adc_init@clock,w
   860     0046  1283               	bcf	3,5	;RP0=0, select bank0
   861     0047  1303               	bcf	3,6	;RP1=0, select bank0
   862     0048  00A0               	movwf	??_adc_init
   863     0049  01A1               	clrf	??_adc_init+1
   864                           
   865                           ; Switch on 2 bytes has been partitioned into a top level switch of size 1, and 1 sub-sw
      +                          itches
   866                           ; Switch size 1, requested type "simple"
   867                           ; Number of cases is 1, Range of values is 0 to 0
   868                           ; switch strategies available:
   869                           ; Name         Instructions Cycles
   870                           ; simple_byte            4     3 (average)
   871                           ; direct_byte           11     8 (fixed)
   872                           ; jumptable            260     6 (fixed)
   873                           ;	Chosen strategy is simple_byte
   874     004A  0821               	movf	??_adc_init+1,w
   875     004B  3A00               	xorlw	0	; case 0
   876     004C  1903               	skipnz
   877     004D  284F               	goto	l908
   878     004E  285D               	goto	l842
   879     004F                     l908:
   880                           
   881                           ; Switch size 1, requested type "simple"
   882                           ; Number of cases is 4, Range of values is 1 to 20
   883                           ; switch strategies available:
   884                           ; Name         Instructions Cycles
   885                           ; simple_byte           13     7 (average)
   886                           ; direct_byte           71    11 (fixed)
   887                           ; jumptable            263     9 (fixed)
   888                           ;	Chosen strategy is simple_byte
   889     004F  0820               	movf	??_adc_init,w
   890     0050  3A01               	xorlw	1	; case 1
   891     0051  1903               	skipnz
   892     0052  2835               	goto	l830
   893     0053  3A05               	xorlw	5	; case 4
   894     0054  1903               	skipnz
   895     0055  2838               	goto	l832
   896     0056  3A0C               	xorlw	12	; case 8
   897     0057  1903               	skipnz
   898     0058  283D               	goto	l834
   899     0059  3A1C               	xorlw	28	; case 20
   900     005A  1903               	skipnz
   901     005B  2842               	goto	l836
   902     005C  285D               	goto	l842
   903     005D                     l842:
   904                           
   905                           ;ADC_lib.c: 35:     ADCON0bits.CHS = channel;
   906     005D  0877               	movf	adc_init@channel,w
   907     005E  00A0               	movwf	??_adc_init
   908     005F  0DA0               	rlf	??_adc_init,f
   909     0060  0DA0               	rlf	??_adc_init,f
   910     0061  081F               	movf	31,w	;volatile
   911     0062  0620               	xorwf	??_adc_init,w
   912     0063  39C3               	andlw	-61
   913     0064  0620               	xorwf	??_adc_init,w
   914     0065  009F               	movwf	31	;volatile
   915     0066                     l844:
   916                           
   917                           ;ADC_lib.c: 38:     ADON = 1;
   918     0066  141F               	bsf	31,0	;volatile
   919     0067                     l108:
   920     0067  0008               	return
   921     0068                     __end_of_adc_init:
   922                           
   923                           	psect	text4
   924     0103                     __ptext4:	
   925 ;; *************** function _adc_read *****************
   926 ;; Defined at:
   927 ;;		line 42 in file "ADC_lib.c"
   928 ;; Parameters:    Size  Location     Type
   929 ;;		None
   930 ;; Auto vars:     Size  Location     Type
   931 ;;		None
   932 ;; Return value:  Size  Location     Type
   933 ;;                  2    5[COMMON] unsigned int 
   934 ;; Registers used:
   935 ;;		wreg
   936 ;; Tracked objects:
   937 ;;		On entry : 0/0
   938 ;;		On exit  : 0/0
   939 ;;		Unchanged: 0/0
   940 ;; Data sizes:     COMMON   BANK0   BANK1   BANK3   BANK2
   941 ;;      Params:         2       0       0       0       0
   942 ;;      Locals:         0       0       0       0       0
   943 ;;      Temps:          0       0       0       0       0
   944 ;;      Totals:         2       0       0       0       0
   945 ;;Total ram usage:        2 bytes
   946 ;; Hardware stack levels used: 1
   947 ;; Hardware stack levels required when called: 3
   948 ;; This function calls:
   949 ;;		Nothing
   950 ;; This function is called by:
   951 ;;		_main
   952 ;; This function uses a non-reentrant model
   953 ;;
   954                           
   955     0103                     _adc_read:	
   956                           ;psect for function _adc_read
   957                           
   958     0103                     l874:	
   959                           ;incstack = 0
   960                           ; Regs used in _adc_read: [wreg]
   961                           
   962                           
   963                           ;ADC_lib.c: 43:     ADCON0bits.GO = 1;
   964     0103  1283               	bcf	3,5	;RP0=0, select bank0
   965     0104  1303               	bcf	3,6	;RP1=0, select bank0
   966     0105  149F               	bsf	31,1	;volatile
   967     0106                     l111:	
   968                           ;ADC_lib.c: 44:     while(ADCON0bits.GO);
   969                           
   970     0106  189F               	btfsc	31,1	;volatile
   971     0107  2909               	goto	u191
   972     0108  290A               	goto	u190
   973     0109                     u191:
   974     0109  2906               	goto	l111
   975     010A                     u190:
   976     010A                     l876:
   977                           
   978                           ;ADC_lib.c: 45:     return (ADRESH<<8) | ADRESL;
   979     010A  081E               	movf	30,w	;volatile
   980     010B  00F6               	movwf	?_adc_read+1
   981     010C  1683               	bsf	3,5	;RP0=1, select bank1
   982     010D  1303               	bcf	3,6	;RP1=0, select bank1
   983     010E  081E               	movf	30,w	;volatile
   984     010F  00F5               	movwf	?_adc_read
   985     0110                     l114:
   986     0110  0008               	return
   987     0111                     __end_of_adc_read:
   988                           
   989                           	psect	text5
   990     011E                     __ptext5:	
   991 ;; *************** function _adc_get_channel *****************
   992 ;; Defined at:
   993 ;;		line 54 in file "ADC_lib.c"
   994 ;; Parameters:    Size  Location     Type
   995 ;;		None
   996 ;; Auto vars:     Size  Location     Type
   997 ;;		None
   998 ;; Return value:  Size  Location     Type
   999 ;;                  1    wreg      unsigned char 
  1000 ;; Registers used:
  1001 ;;		wreg, status,2, status,0
  1002 ;; Tracked objects:
  1003 ;;		On entry : 0/0
  1004 ;;		On exit  : 0/0
  1005 ;;		Unchanged: 0/0
  1006 ;; Data sizes:     COMMON   BANK0   BANK1   BANK3   BANK2
  1007 ;;      Params:         0       0       0       0       0
  1008 ;;      Locals:         0       0       0       0       0
  1009 ;;      Temps:          1       0       0       0       0
  1010 ;;      Totals:         1       0       0       0       0
  1011 ;;Total ram usage:        1 bytes
  1012 ;; Hardware stack levels used: 1
  1013 ;; Hardware stack levels required when called: 3
  1014 ;; This function calls:
  1015 ;;		Nothing
  1016 ;; This function is called by:
  1017 ;;		_main
  1018 ;; This function uses a non-reentrant model
  1019 ;;
  1020                           
  1021     011E                     _adc_get_channel:	
  1022                           ;psect for function _adc_get_channel
  1023                           
  1024     011E                     l790:	
  1025                           ;incstack = 0
  1026                           ; Regs used in _adc_get_channel: [wreg+status,2+status,0]
  1027                           
  1028                           
  1029                           ;ADC_lib.c: 55:     return ADCON0bits.CHS;
  1030     011E  1283               	bcf	3,5	;RP0=0, select bank0
  1031     011F  1303               	bcf	3,6	;RP1=0, select bank0
  1032     0120  0C1F               	rrf	31,w	;volatile
  1033     0121  00F5               	movwf	??_adc_get_channel
  1034     0122  0C75               	rrf	??_adc_get_channel,w
  1035     0123  390F               	andlw	15
  1036     0124                     l120:
  1037     0124  0008               	return
  1038     0125                     __end_of_adc_get_channel:
  1039                           
  1040                           	psect	text6
  1041     00F0                     __ptext6:	
  1042 ;; *************** function _isr *****************
  1043 ;; Defined at:
  1044 ;;		line 46 in file "Lab1.c"
  1045 ;; Parameters:    Size  Location     Type
  1046 ;;		None
  1047 ;; Auto vars:     Size  Location     Type
  1048 ;;		None
  1049 ;; Return value:  Size  Location     Type
  1050 ;;                  1    wreg      void 
  1051 ;; Registers used:
  1052 ;;		wreg, status,2, status,0, btemp+1, pclath, cstack
  1053 ;; Tracked objects:
  1054 ;;		On entry : 0/0
  1055 ;;		On exit  : 0/0
  1056 ;;		Unchanged: 0/0
  1057 ;; Data sizes:     COMMON   BANK0   BANK1   BANK3   BANK2
  1058 ;;      Params:         0       0       0       0       0
  1059 ;;      Locals:         0       0       0       0       0
  1060 ;;      Temps:          3       0       0       0       0
  1061 ;;      Totals:         3       0       0       0       0
  1062 ;;Total ram usage:        3 bytes
  1063 ;; Hardware stack levels used: 1
  1064 ;; Hardware stack levels required when called: 2
  1065 ;; This function calls:
  1066 ;;		_ioc_portB
  1067 ;; This function is called by:
  1068 ;;		Interrupt level 1
  1069 ;; This function uses a non-reentrant model
  1070 ;;
  1071                           
  1072     00F0                     _isr:	
  1073                           ;psect for function _isr
  1074                           
  1075     00F0                     i1l794:
  1076                           
  1077                           ;Lab1.c: 47:     TRISD = 0;
  1078     00F0  1C0B               	btfss	11,0	;volatile
  1079     00F1  28F3               	goto	u12_21
  1080     00F2  28F4               	goto	u12_20
  1081     00F3                     u12_21:
  1082     00F3  28FA               	goto	i1l52
  1083     00F4                     u12_20:
  1084     00F4                     i1l796:
  1085                           
  1086                           ;Lab1.c: 48:     PORTD = 0;
  1087     00F4  120A  118A  2096  120A  118A  	fcall	_ioc_portB
  1088     00F9                     i1l798:
  1089                           
  1090                           ;Lab1.c: 49: 
  1091     00F9  100B               	bcf	11,0	;volatile
  1092     00FA                     i1l52:
  1093     00FA  0874               	movf	??_isr+2,w
  1094     00FB  00FF               	movwf	btemp+1
  1095     00FC  0873               	movf	??_isr+1,w
  1096     00FD  008A               	movwf	10
  1097     00FE  0E72               	swapf	??_isr,w
  1098     00FF  0083               	movwf	3
  1099     0100  0EFE               	swapf	btemp,f
  1100     0101  0E7E               	swapf	btemp,w
  1101     0102  0009               	retfie
  1102     0103                     __end_of_isr:
  1103                           
  1104                           	psect	intentry
  1105     0004                     __pintentry:	
  1106                           ;incstack = 0
  1107                           ; Regs used in _isr: [wreg+status,2+status,0+btemp+1+pclath+cstack]
  1108                           
  1109     0004                     interrupt_function:
  1110     007E                     saved_w	set	btemp
  1111     0004  00FE               	movwf	btemp
  1112     0005  0E03               	swapf	3,w
  1113     0006  00F2               	movwf	??_isr
  1114     0007  080A               	movf	10,w
  1115     0008  00F3               	movwf	??_isr+1
  1116     0009  087F               	movf	btemp+1,w
  1117     000A  00F4               	movwf	??_isr+2
  1118     000B  120A  118A  28F0   	ljmp	_isr
  1119                           
  1120                           	psect	text7
  1121     0096                     __ptext7:	
  1122 ;; *************** function _ioc_portB *****************
  1123 ;; Defined at:
  1124 ;;		line 54 in file "Lab1.c"
  1125 ;; Parameters:    Size  Location     Type
  1126 ;;		None
  1127 ;; Auto vars:     Size  Location     Type
  1128 ;;		None
  1129 ;; Return value:  Size  Location     Type
  1130 ;;                  1    wreg      void 
  1131 ;; Registers used:
  1132 ;;		wreg, status,2, status,0, btemp+1, pclath, cstack
  1133 ;; Tracked objects:
  1134 ;;		On entry : 0/0
  1135 ;;		On exit  : 0/0
  1136 ;;		Unchanged: 0/0
  1137 ;; Data sizes:     COMMON   BANK0   BANK1   BANK3   BANK2
  1138 ;;      Params:         0       0       0       0       0
  1139 ;;      Locals:         0       0       0       0       0
  1140 ;;      Temps:          0       0       0       0       0
  1141 ;;      Totals:         0       0       0       0       0
  1142 ;;Total ram usage:        0 bytes
  1143 ;; Hardware stack levels used: 1
  1144 ;; Hardware stack levels required when called: 1
  1145 ;; This function calls:
  1146 ;;		_adc_sel_channel
  1147 ;; This function is called by:
  1148 ;;		_isr
  1149 ;; This function uses a non-reentrant model
  1150 ;;
  1151                           
  1152     0096                     _ioc_portB:	
  1153                           ;psect for function _ioc_portB
  1154                           
  1155     0096                     i1l744:	
  1156                           ;incstack = 0
  1157                           ; Regs used in _ioc_portB: [wreg+status,2+status,0+btemp+1+pclath+cstack]
  1158                           
  1159                           
  1160                           ;Lab1.c: 55:     adc_init(0, 0, 8, 0b1101);
  1161     0096  1283               	bcf	3,5	;RP0=0, select bank0
  1162     0097  1303               	bcf	3,6	;RP1=0, select bank0
  1163     0098  1806               	btfsc	6,0	;volatile
  1164     0099  289B               	goto	u7_21
  1165     009A  289C               	goto	u7_20
  1166     009B                     u7_21:
  1167     009B  28A0               	goto	i1l748
  1168     009C                     u7_20:
  1169     009C                     i1l746:
  1170     009C  3001               	movlw	1
  1171     009D  00FF               	movwf	btemp+1
  1172     009E  087F               	movf	btemp+1,w
  1173     009F  0785               	addwf	5,f	;volatile
  1174     00A0                     i1l748:
  1175                           
  1176                           ;Lab1.c: 56: }
  1177     00A0  1886               	btfsc	6,1	;volatile
  1178     00A1  28A3               	goto	u8_21
  1179     00A2  28A4               	goto	u8_20
  1180     00A3                     u8_21:
  1181     00A3  28A6               	goto	i1l752
  1182     00A4                     u8_20:
  1183     00A4                     i1l750:
  1184     00A4  3001               	movlw	1
  1185     00A5  0285               	subwf	5,f	;volatile
  1186     00A6                     i1l752:
  1187     00A6  1906               	btfsc	6,2	;volatile
  1188     00A7  28A9               	goto	u9_21
  1189     00A8  28AA               	goto	u9_20
  1190     00A9                     u9_21:
  1191     00A9  28B0               	goto	i1l756
  1192     00AA                     u9_20:
  1193     00AA                     i1l754:
  1194     00AA  300D               	movlw	13
  1195     00AB  120A  118A  2111  120A  118A  	fcall	_adc_sel_channel
  1196     00B0                     i1l756:
  1197     00B0  1283               	bcf	3,5	;RP0=0, select bank0
  1198     00B1  1303               	bcf	3,6	;RP1=0, select bank0
  1199     00B2  1986               	btfsc	6,3	;volatile
  1200     00B3  28B5               	goto	u10_21
  1201     00B4  28B6               	goto	u10_20
  1202     00B5                     u10_21:
  1203     00B5  28BC               	goto	i1l59
  1204     00B6                     u10_20:
  1205     00B6                     i1l758:
  1206     00B6  300B               	movlw	11
  1207     00B7  120A  118A  2111  120A  118A  	fcall	_adc_sel_channel
  1208     00BC                     i1l59:
  1209     00BC  0008               	return
  1210     00BD                     __end_of_ioc_portB:
  1211                           
  1212                           	psect	text8
  1213     0111                     __ptext8:	
  1214 ;; *************** function _adc_sel_channel *****************
  1215 ;; Defined at:
  1216 ;;		line 49 in file "ADC_lib.c"
  1217 ;; Parameters:    Size  Location     Type
  1218 ;;  channel         1    wreg     unsigned char 
  1219 ;; Auto vars:     Size  Location     Type
  1220 ;;  channel         1    1[COMMON] unsigned char 
  1221 ;; Return value:  Size  Location     Type
  1222 ;;                  1    wreg      void 
  1223 ;; Registers used:
  1224 ;;		wreg, status,2, status,0
  1225 ;; Tracked objects:
  1226 ;;		On entry : 0/0
  1227 ;;		On exit  : 0/0
  1228 ;;		Unchanged: 0/0
  1229 ;; Data sizes:     COMMON   BANK0   BANK1   BANK3   BANK2
  1230 ;;      Params:         0       0       0       0       0
  1231 ;;      Locals:         1       0       0       0       0
  1232 ;;      Temps:          1       0       0       0       0
  1233 ;;      Totals:         2       0       0       0       0
  1234 ;;Total ram usage:        2 bytes
  1235 ;; Hardware stack levels used: 1
  1236 ;; This function calls:
  1237 ;;		Nothing
  1238 ;; This function is called by:
  1239 ;;		_ioc_portB
  1240 ;; This function uses a non-reentrant model
  1241 ;;
  1242                           
  1243     0111                     _adc_sel_channel:	
  1244                           ;psect for function _adc_sel_channel
  1245                           
  1246                           
  1247                           ;incstack = 0
  1248                           ; Regs used in _adc_sel_channel: [wreg+status,2+status,0]
  1249                           ;adc_sel_channel@channel stored from wreg
  1250     0111  00F1               	movwf	adc_sel_channel@channel
  1251     0112                     i1l712:
  1252                           
  1253                           ;ADC_lib.c: 50:     ADCON0bits.CHS = channel;
  1254     0112  0871               	movf	adc_sel_channel@channel,w
  1255     0113  00F0               	movwf	??_adc_sel_channel
  1256     0114  0DF0               	rlf	??_adc_sel_channel,f
  1257     0115  0DF0               	rlf	??_adc_sel_channel,f
  1258     0116  1283               	bcf	3,5	;RP0=0, select bank0
  1259     0117  1303               	bcf	3,6	;RP1=0, select bank0
  1260     0118  081F               	movf	31,w	;volatile
  1261     0119  0670               	xorwf	??_adc_sel_channel,w
  1262     011A  39C3               	andlw	-61
  1263     011B  0670               	xorwf	??_adc_sel_channel,w
  1264     011C  009F               	movwf	31	;volatile
  1265     011D                     i1l117:
  1266     011D  0008               	return
  1267     011E                     __end_of_adc_sel_channel:
  1268     007E                     btemp	set	126	;btemp
  1269     007E                     wtemp0	set	126
  1270                           
  1271                           	psect	config
  1272                           
  1273                           ;Config register CONFIG1 @ 0x2007
  1274                           ;	Oscillator Selection bits
  1275                           ;	FOSC = INTRC_NOCLKOUT, INTOSCIO oscillator: I/O function on RA6/OSC2/CLKOUT pin, I/O f
      +                          unction on RA7/OSC1/CLKIN
  1276                           ;	Watchdog Timer Enable bit
  1277                           ;	WDTE = OFF, WDT disabled and can be enabled by SWDTEN bit of the WDTCON register
  1278                           ;	Power-up Timer Enable bit
  1279                           ;	PWRTE = OFF, PWRT disabled
  1280                           ;	RE3/MCLR pin function select bit
  1281                           ;	MCLRE = OFF, RE3/MCLR pin function is digital input, MCLR internally tied to VDD
  1282                           ;	Code Protection bit
  1283                           ;	CP = OFF, Program memory code protection is disabled
  1284                           ;	Data Code Protection bit
  1285                           ;	CPD = OFF, Data memory code protection is disabled
  1286                           ;	Brown Out Reset Selection bits
  1287                           ;	BOREN = OFF, BOR disabled
  1288                           ;	Internal External Switchover bit
  1289                           ;	IESO = OFF, Internal/External Switchover mode is disabled
  1290                           ;	Fail-Safe Clock Monitor Enabled bit
  1291                           ;	FCMEN = OFF, Fail-Safe Clock Monitor is disabled
  1292                           ;	Low Voltage Programming Enable bit
  1293                           ;	LVP = OFF, RB3 pin has digital I/O, HV on MCLR must be used for programming
  1294                           ;	In-Circuit Debugger Mode bit
  1295                           ;	DEBUG = 0x1, unprogrammed default
  1296     2007                     	org	8199
  1297     2007  20D4               	dw	8404
  1298                           
  1299                           ;Config register CONFIG2 @ 0x2008
  1300                           ;	Brown-out Reset Selection bit
  1301                           ;	BOR4V = BOR40V, Brown-out Reset set to 4.0V
  1302                           ;	Flash Program Memory Self Write Enable bits
  1303                           ;	WRT = OFF, Write protection off
  1304     2008                     	org	8200
  1305     2008  3FFF               	dw	16383

Data Sizes:
    Strings     0
    Constant    0
    Data        0
    BSS         0
    Persistent  0
    Stack       0

Auto Spaces:
    Space          Size  Autos    Used
    COMMON           14      9       9
    BANK0            80      3       3
    BANK1            80      0       0
    BANK3            96      0       0
    BANK2            96      0       0

Pointer List with Targets:

    None.

Critical Paths under _main in COMMON

    _setup->_adc_init

Critical Paths under _isr in COMMON

    _ioc_portB->_adc_sel_channel

Critical Paths under _main in BANK0

    _setup->_adc_init

Critical Paths under _isr in BANK0

    None.

Critical Paths under _main in BANK1

    None.

Critical Paths under _isr in BANK1

    None.

Critical Paths under _main in BANK3

    None.

Critical Paths under _isr in BANK3

    None.

Critical Paths under _main in BANK2

    None.

Critical Paths under _isr in BANK2

    None.

Call Graph Tables:

 ---------------------------------------------------------------------------------
 (Depth) Function   	        Calls       Base Space   Used Autos Params    Refs
 ---------------------------------------------------------------------------------
 (0) _main                                                 1     1      0     383
                                              2 BANK0      1     1      0
                    _adc_get_channel
                           _adc_read
                              _setup
 ---------------------------------------------------------------------------------
 (1) _setup                                                0     0      0     383
                           _adc_init
                          _iocb_init
 ---------------------------------------------------------------------------------
 (2) _iocb_init                                            1     1      0      45
                                              5 COMMON     1     1      0
 ---------------------------------------------------------------------------------
 (2) _adc_init                                             6     3      3     338
                                              5 COMMON     4     1      3
                                              0 BANK0      2     2      0
 ---------------------------------------------------------------------------------
 (1) _adc_read                                             2     0      2       0
                                              5 COMMON     2     0      2
 ---------------------------------------------------------------------------------
 (1) _adc_get_channel                                      1     1      0       0
                                              5 COMMON     1     1      0
 ---------------------------------------------------------------------------------
 Estimated maximum stack depth 2
 ---------------------------------------------------------------------------------
 (Depth) Function   	        Calls       Base Space   Used Autos Params    Refs
 ---------------------------------------------------------------------------------
 (3) _isr                                                  3     3      0      15
                                              2 COMMON     3     3      0
                          _ioc_portB
 ---------------------------------------------------------------------------------
 (4) _ioc_portB                                            0     0      0      15
                    _adc_sel_channel
 ---------------------------------------------------------------------------------
 (5) _adc_sel_channel                                      2     2      0      15
                                              0 COMMON     2     2      0
 ---------------------------------------------------------------------------------
 Estimated maximum stack depth 5
 ---------------------------------------------------------------------------------

 Call Graph Graphs:

 _main (ROOT)
   _adc_get_channel
   _adc_read
   _setup
     _adc_init
     _iocb_init

 _isr (ROOT)
   _ioc_portB
     _adc_sel_channel

 Address spaces:
Name               Size   Autos  Total    Cost      Usage
BITCOMMON            E      0       0       0        0.0%
EEDATA             100      0       0       0        0.0%
NULL                 0      0       0       0        0.0%
CODE                 0      0       0       0        0.0%
COMMON               E      9       9       1       64.3%
BITSFR0              0      0       0       1        0.0%
SFR0                 0      0       0       1        0.0%
BITSFR1              0      0       0       2        0.0%
SFR1                 0      0       0       2        0.0%
STACK                0      0       0       2        0.0%
ABS                  0      0       0       3        0.0%
BITBANK0            50      0       0       4        0.0%
BITSFR3              0      0       0       4        0.0%
SFR3                 0      0       0       4        0.0%
BANK0               50      3       3       5        3.8%
BITSFR2              0      0       0       5        0.0%
SFR2                 0      0       0       5        0.0%
BITBANK1            50      0       0       6        0.0%
BANK1               50      0       0       7        0.0%
BITBANK3            60      0       0       8        0.0%
BANK3               60      0       0       9        0.0%
BITBANK2            60      0       0      10        0.0%
BANK2               60      0       0      11        0.0%
DATA                 0      0       0      12        0.0%


Microchip Technology PIC Macro Assembler V2.41 build 20230208172133 
Symbol Table                                                                                   Wed Jul 19 01:04:12 2023

                     l70 0095                       l85 00EF                      l111 0106  
                    l120 0124                      l114 0110                      l108 0067  
                    l720 00EE                      l714 00DE                      l716 00E4  
                    l830 0035                      l718 00E9                      l832 0038  
                    l840 0045                      l834 003D                      l842 005D  
                    l850 0068                      l844 0066                      l908 004F  
                    l836 0042                      l828 0016                      l860 0076  
                    l852 006B                      l790 011E                      l870 0084  
                    l862 0079                      l854 006D                      l872 008A  
                    l864 007C                      l856 0070                      l880 00BD  
                    l874 0103                      l866 007F                      l858 0073  
                    l882 00C2                      l876 010A                      l868 0083  
                    l884 00CB                      l886 00D1                      _GIE 005F  
                    _RB0 0030                      _RB1 0031                      _RB2 0032  
                    _RB3 0033                      u130 001D                      u131 0019  
                    u150 0027                      u151 0023                      u207 00CF  
                    u144 0020                      u170 0031                      u171 002D  
                    u164 002A                      u190 010A                      u191 0109  
                    u184 0034                      _SCS 0478                      _isr 00F0  
                   _ADFM 04FF                     ?_isr 0070                     _ADON 00F8  
                   _IOCB 0096                     _RBIE 005B                     _RBIF 0058  
                   i1l52 00FA                     i1l59 00BC                     _WPUB 0095  
                   u7_20 009C                     u7_21 009B                     u8_20 00A4  
                   u8_21 00A3                     u9_20 00AA                     u9_21 00A9  
                   _main 00BD                     btemp 007E                     start 000E  
 adc_sel_channel@channel 0071                    ??_isr 0072                    ?_main 0070  
                  _ANSEL 0188                    i1l117 011D                    i1l712 0112  
                  i1l750 00A4                    i1l752 00A6                    i1l744 0096  
                  i1l754 00AA                    i1l746 009C                    i1l756 00B0  
                  i1l748 00A0                    i1l758 00B6                    i1l794 00F0  
                  i1l796 00F4                    i1l798 00F9                    _VCFG0 04FC  
                  _VCFG1 04FD                    u10_20 00B6                    u10_21 00B5  
                  u12_20 00F4                    u12_21 00F3                    _PORTA 0005  
                  _PORTC 0007                    _PORTD 0008                    _TRISA 0085  
                  _TRISB 0086                    _TRISC 0087                    _TRISD 0088  
                  _nRBPU 040F                    _setup 0068                    pclath 000A  
       ?_adc_sel_channel 0070                    status 0003                    wtemp0 007E  
        __initialization 0011             __end_of_main 00DD                   ??_main 0022  
                 _ADRESH 001E                   _ADRESL 009E                   ?_setup 0070  
                 _ANSELH 0189         __end_of_adc_init 0068         __end_of_adc_read 0111  
                 saved_w 007E  __end_of__initialization 0011           __pcstackCOMMON 0070  
          __end_of_setup 0096                  ??_setup 0079               __pmaintext 00BD  
             __pintentry 0004                ?_adc_init 0075                ?_adc_read 0075  
      __end_of_iocb_init 00F0        __end_of_ioc_portB 00BD               ??_adc_init 0020  
             ??_adc_read 0077                  __ptext1 0068                  __ptext2 00DD  
                __ptext3 0015                  __ptext4 0103                  __ptext5 011E  
                __ptext6 00F0                  __ptext7 0096                  __ptext8 0111  
   end_of_initialization 0011        ??_adc_get_channel 0075      start_initialization 0011  
            __end_of_isr 0103          adc_init@channel 0077        ??_adc_sel_channel 0070  
              ___latbits 0002            __pcstackBANK0 0020            adc_init@clock 0076  
              adc_init@J 0078                adc_init@R 0075                _iocb_init 00DD  
              _ioc_portB 0096          _adc_get_channel 011E        interrupt_function 0004  
             _ADCON0bits 001F               ?_iocb_init 0070               ?_ioc_portB 0070  
        iocb_init@pinesB 0075  __end_of_adc_get_channel 0125                 _adc_init 0015  
               _adc_read 0103          _adc_sel_channel 0111              ??_iocb_init 0075  
            ??_ioc_portB 0072                 intlevel1 0000               _OSCCONbits 008F  
       ?_adc_get_channel 0070  __end_of_adc_sel_channel 011E  
